
2016-08-21 16:30:35

Operating System
  Name                        = Microsoft Windows 7 Ultimate
  Version                     = 6.1.7601
  Architecture                = 32bit
  # CPUs                      = 4
  Memory                      = 3965157376

Node.js
  Node.js Version             = 0.12.7
  npm Version                 = 2.11.3

Titanium CLI
  CLI Version                 = 5.0.9

Titanium SDK
  SDK Version                 = 5.3.1.GA
  SDK Path                    = C:\ProgramData\Titanium\mobilesdk\win32\5.3.1.GA
  Target Platform             = android

Command
  C:\Program Files (x86)\nodejs\node.exe C:\Users\MarioEGB\.appcelerator\install\5.4.0\package\node_modules\titanium\lib\titanium.js build run --platform android --log-level trace --sdk 5.3.1.GA --project-dir C:\Users\MarioEGB\Documents\Appcelerator_Studio_Workspace\Appcelerator\Alarma --target device --android-sdk C:\android-sdk-win --device-id 240000000DFC8800 --skip-js-minify --no-colors --no-progress-bars --no-prompt --prompt-type socket-bundle --prompt-port 62562 --config-file C:\Users\MarioEGB\AppData\Local\Temp\build-1471815028685.json --no-banner --project-dir C:\Users\MarioEGB\Documents\Appcelerator_Studio_Workspace\Appcelerator\Alarma

[DEBUG]  Detecting modules in C:\ProgramData\Application Data\Titanium\modules
[DEBUG]  Detected android module: facebook 5.0.0 @ C:\ProgramData\Application Data\Titanium\modules\android\facebook\5.0.0
[DEBUG]  Detected android module: facebook 5.2.0 @ C:\ProgramData\Application Data\Titanium\modules\android\facebook\5.2.0
[DEBUG]  Detected android module: ti.cloudpush 3.4.1 @ C:\ProgramData\Application Data\Titanium\modules\android\ti.cloudpush\3.4.1
[DEBUG]  Detected android module: ti.map 2.3.10 @ C:\ProgramData\Application Data\Titanium\modules\android\ti.map\2.3.10
[DEBUG]  Detected android module: ti.map 2.3.6 @ C:\ProgramData\Application Data\Titanium\modules\android\ti.map\2.3.6
[DEBUG]  Detected android module: ti.touchid 1.0.0 @ C:\ProgramData\Application Data\Titanium\modules\android\ti.touchid\1.0.0
[DEBUG]  Detected commonjs module: ti.cloud 3.2.10 @ C:\ProgramData\Application Data\Titanium\modules\commonjs\ti.cloud\3.2.10
[DEBUG]  Detected commonjs module: ti.cloud 3.2.11 @ C:\ProgramData\Application Data\Titanium\modules\commonjs\ti.cloud\3.2.11
[DEBUG]  Detecting modules in C:\ProgramData\Titanium\modules
[DEBUG]  Detected android module: facebook 5.0.0 @ C:\ProgramData\Titanium\modules\android\facebook\5.0.0
[DEBUG]  Detected android module: facebook 5.2.0 @ C:\ProgramData\Titanium\modules\android\facebook\5.2.0
[DEBUG]  Detected android module: ti.cloudpush 3.4.1 @ C:\ProgramData\Titanium\modules\android\ti.cloudpush\3.4.1
[DEBUG]  Detected android module: ti.map 2.3.10 @ C:\ProgramData\Titanium\modules\android\ti.map\2.3.10
[DEBUG]  Detected android module: ti.map 2.3.6 @ C:\ProgramData\Titanium\modules\android\ti.map\2.3.6
[DEBUG]  Detected android module: ti.touchid 1.0.0 @ C:\ProgramData\Titanium\modules\android\ti.touchid\1.0.0
[DEBUG]  Detected commonjs module: ti.cloud 3.2.10 @ C:\ProgramData\Titanium\modules\commonjs\ti.cloud\3.2.10
[DEBUG]  Detected commonjs module: ti.cloud 3.2.11 @ C:\ProgramData\Titanium\modules\commonjs\ti.cloud\3.2.11
[DEBUG]  Looking for Titanium module id=ti.cloud version=latest platform=commonjs deploy-type=test
[INFO]   Found Titanium module id=ti.cloud version=3.2.11 platform=commonjs deploy-type=test path=C:\ProgramData\Application Data\Titanium\modules\commonjs\ti.cloud\3.2.11
[DEBUG]  No project level plugins to load
[DEBUG]  Titanium SDK Android directory: C:\ProgramData\Titanium\mobilesdk\win32\5.3.1.GA\android
[INFO]   Deploy type: test
[INFO]   Building for target: device
[INFO]   Building for device: 240000000DFC8800
[INFO]   Targeting Android SDK API: 23
[INFO]   Building for the following architectures: armeabi, armeabi-v7a, x86
[INFO]   Signing with keystore: C:\ProgramData\Titanium\mobilesdk\win32\5.3.1.GA\android\dev_keystore (tidev)
[DEBUG]  App ID: com.MarioEGB.Alarma
[DEBUG]  Classname: Alarma
[INFO]   Debugging disabled
[INFO]   Profiler disabled
[INFO]   Forcing rebuild: C:\Users\MarioEGB\Documents\Appcelerator_Studio_Workspace\Appcelerator\Alarma\build\android\build-manifest.json does not exist
[TRACE]  offline build file C:\Users\MarioEGB\AppData\Local\Temp\build-f0fddcf50e70a00385bfe01c40bc31492f25b029.json
[TRACE]  online 1
[TRACE]  sending request {"json":{"username":"marioe_guizar@hotmail.com","session":"417d8ab92003863321a95d96d3b3e259236daa9c SEww7H4pFxamkwO9SjOxxDkX/AHNFoaPxMyVfsUZVH9Ep3RXMQ5OFfLJO+pjNffAaBB+IruiuVq+0OrUSHT288PkXAqcTh8aB/grnmMOX0IBPp+F/JK/u4YQsIc5C4gR2UttDlrbgkhALHWSGzX593y8prT9L+dFDRDnptuf9pZqhg0z7SnRw+6jO2eEv6qnU4BTUnHHAmRiRJLIdCz4kUiwPQZzuuDbM3Xa5c/I+lWaU2NVTRVnIbK8dfllzvRepGhiP0BvmdtLCEB7rWr2P1RWw3B+Sq0o2y8zwPgxluKvANoQVZnKhq78CctfaqlnjzUdoXvxA3plX+K8DwGOgCpaqGTRDX3McWsSRn1N5SyQs0aDA99HGG+My2BebscPVZGYTVs5rqYc+alKzmFDyplQJNj9v8MQso2GpCKeHPf0w159AFUHhW1XoY7HdvBuv0SdudBys0BiztLE2gOzir+S2a3RX8GF+Oy57z7ZrzmEY4j+LiyBI8IKyVl0zslvGPMbYw71PN4TvSwNSmz1WPEpx1CXmfoKp8DXozYlRfdn7nre1CGOWVEZ+jZ0UzIShKmS+JvyiXBol7rorlMI3VkSKs5hSBfkRw5HDDdVUEwtI4pJP4IXjva1dIRsFfO8MD05trGmrnJBCYinD8mEvrbeFr2bEqd/UFmDwwdgdHZj5QlWUM/IVgdnymz4lyE6/iqJdQpZOv7eqfkH2c4e5MJUDjbiStTmhePCkgWbpR48LuicmEeLKH58n0k5OIJivVw3kvWSe1geGwPBBDLUVjTLNYtOpEafXcThkdVVxama4d/MUa/jDm2Q5P3o2cX8","ipaddress":"192.168.100.13","fingerprint":"dc806860ee543d82c31346f693109fe149ed02c1","fingerprint_description":"Windows Machine ID: a45183f5-e957-4940-9096-dd2c1ae4d944","guid":"c5d2b870-70b5-4cd5-9aaa-3cfae26be47a","appid":"com.MarioEGB.Alarma","name":"Alarma","org_id":100131870,"deploytype":"test","tiappxml":"<?xml version=\"1.0\" encoding=\"UTF-8\"?>\n<ti:app \n  xmlns:ti=\"http://ti.appcelerator.org\">\n  <id>com.MarioEGB.Alarma</id>\n  <name>Alarma</name>\n  <version>1.0</version>\n  <publisher>MarioEGB</publisher>\n  <url/>\n  <description/>\n  <copyright>2016 by MarioEGB</copyright>\n  <icon>appicon.png</icon>\n  <fullscreen>false</fullscreen>\n  <navbar-hidden>false</navbar-hidden>\n  <analytics>true</analytics>\n  <guid>c5d2b870-70b5-4cd5-9aaa-3cfae26be47a</guid>\n  <property name=\"ti.ui.defaultunit\" type=\"string\">dp</property>\n  <ios>\n    <enable-launch-screen-storyboard>true</enable-launch-screen-storyboard>\n    <plist>\n      <dict>\n        <key>UISupportedInterfaceOrientations~iphone</key>\n        <array>\n          <string>UIInterfaceOrientationPortrait</string>\n        </array>\n        <key>UISupportedInterfaceOrientations~ipad</key>\n        <array>\n          <string>UIInterfaceOrientationPortrait</string>\n          <string>UIInterfaceOrientationPortraitUpsideDown</string>\n          <string>UIInterfaceOrientationLandscapeLeft</string>\n          <string>UIInterfaceOrientationLandscapeRight</string>\n        </array>\n        <key>UIRequiresPersistentWiFi</key>\n        <false/>\n        <key>UIPrerenderedIcon</key>\n        <false/>\n        <key>UIStatusBarHidden</key>\n        <false/>\n        <key>UIStatusBarStyle</key>\n        <string>UIStatusBarStyleDefault</string>\n      </dict>\n    </plist>\n  </ios>\n  <android \n    xmlns:android=\"http://schemas.android.com/apk/res/android\"/>\n    <mobileweb>\n      <precache/>\n      <splash>\n        <enabled>true</enabled>\n        <inline-css-images>true</inline-css-images>\n      </splash>\n      <theme>default</theme>\n    </mobileweb>\n    <modules>\n      <module platform=\"commonjs\">ti.cloud</module>\n    </modules>\n    <deployment-targets>\n      <target device=\"iphone\">false</target>\n      <target device=\"ipad\">false</target>\n      <target device=\"android\">true</target>\n      <target device=\"mobileweb\">false</target>\n      <target device=\"windows\">false</target>\n    </deployment-targets>\n    <sdk-version>5.3.1.GA</sdk-version>\n    <property name=\"appc-app-id\" type=\"string\">57ac941ad400bb5a28900895</property>\n    <property name=\"acs-authbase-url-development\" type=\"string\">***</property>\n    <property name=\"acs-base-url-development\" type=\"string\">***</property>\n    <property name=\"acs-oauth-secret-development\" type=\"string\">***</property>\n    <property name=\"acs-oauth-key-development\" type=\"string\">***</property>\n    <property name=\"acs-api-key-development\" type=\"string\">***</property>\n    <property name=\"acs-username-development\" type=\"string\">***</property>\n    <property name=\"acs-password-development\" type=\"string\">***</property>\n    <property name=\"acs-authbase-url-production\" type=\"string\">***</property>\n    <property name=\"acs-base-url-production\" type=\"string\">***</property>\n    <property name=\"acs-oauth-secret-production\" type=\"string\">***</property>\n    <property name=\"acs-oauth-key-production\" type=\"string\">***</property>\n    <property name=\"acs-api-key-production\" type=\"string\">***</property>\n    <property name=\"acs-username-production\" type=\"string\">***</property>\n    <property name=\"acs-password-production\" type=\"string\">***</property>\n    <property name=\"appc-org-id\" type=\"string\">100131870</property>\n    <property name=\"appc-creator-user-id\" type=\"string\">185cd91f-bd8d-40ae-8419-5fecd1b6234a</property>\n  </ti:app>","modules":[{"id":"ti.cloud","platform":["commonjs"],"deployType":["test"],"modulePath":"C:\\ProgramData\\Application Data\\Titanium\\modules\\commonjs\\ti.cloud\\3.2.11","version":"3.2.11","manifest":{"version":"3.2.11","description":"Appcelerator Cloud Services","author":"Dawson Toth, Jeff English, Jon Alter, Paul Lv, Michael Goff, and Pedro Enrique","license":"Appcelerator Commercial License","copyright":"Copyright (c) 2011-2014 by Appcelerator,  Inc.","name":"ti.cloud","moduleid":"ti.cloud","guid":"1056b5d2-2bb5-4339-b930-297637aeec4e","platform":"commonjs","minsdk":"2.1.0"},"native":false,"libFile":"C:\\ProgramData\\Application Data\\Titanium\\modules\\commonjs\\ti.cloud\\3.2.11\\ti.cloud.js"}]},"gzip":true,"followAllRedirects":true,"url":"https://security.appcelerator.com/build-verify"}
[TRACE]  result from /build-verify=> {"success":false,"error":"invalid request","code":"com.appcelerator.security.invalid.session"}, err=null